<?xml version="1.0" encoding="UTF-8"?>
<!-- Generated by org.testng.reporters.JUnitReportReporter -->
<testsuite hostname="KELLGGNCPU0350" failures="0" tests="1" name="com.test.jellyfish.Retail_OnBoarding" time="13.441" errors="0" timestamp="2020-03-09T15:25:25 IST" skipped="0">
  <testcase classname="com.test.jellyfish.Retail_OnBoarding" name="signUp_test" time="13.441"/>
</testsuite> <!-- com.test.jellyfish.Retail_OnBoarding -->
